<?xml version="1.0" encoding="UTF-8"?>
<!-- Generated by org.testng.reporters.JUnitReportReporter -->
<testsuite hostname="DESKTOP-5JOAU98" failures="0" tests="3" name="api.test.DataDrivenTests" time="7.821" errors="0" timestamp="2023-10-28T01:00:20 IST" skipped="0">
  <testcase classname="api.test.DataDrivenTests" name="testPostuser" time="1.567"/>
  <testcase classname="api.test.DataDrivenTests" name="testPostuser" time="1.417"/>
  <testcase classname="api.test.DataDrivenTests" name="testPostuser" time="4.837"/>
</testsuite> <!-- api.test.DataDrivenTests -->
