<?xml version="1.0" encoding="UTF-8"?>
<!-- Generated by org.testng.reporters.JUnitReportReporter -->
<testsuite hostname="DESKTOP-5JOAU98" failures="0" tests="4" name="api.test.UserTestsUsingPropertyFile" time="11.573" errors="0" timestamp="2023-10-29T01:01:39 IST" skipped="0">
  <testcase classname="api.test.UserTestsUsingPropertyFile" name="testPostUser" time="5.947"/>
  <testcase classname="api.test.UserTestsUsingPropertyFile" name="testGetUserByName" time="1.490"/>
  <testcase classname="api.test.UserTestsUsingPropertyFile" name="testUpdateByUsername" time="2.787"/>
  <testcase classname="api.test.UserTestsUsingPropertyFile" name="testDeleteUserByName" time="1.349"/>
</testsuite> <!-- api.test.UserTestsUsingPropertyFile -->
