<?xml version="1.0" encoding="UTF-8"?>
<!-- Generated by org.testng.reporters.JUnitReportReporter -->
<testsuite hostname="DESKTOP-5JOAU98" failures="0" tests="4" name="api.test.UserTests" time="16.420" errors="0" timestamp="2023-10-28T15:25:17 IST" skipped="0">
  <testcase classname="api.test.UserTests" name="testPostUser" time="6.687"/>
  <testcase classname="api.test.UserTests" name="testGetUserByName" time="1.684"/>
  <testcase classname="api.test.UserTests" name="testUpdateByUsername" time="6.215"/>
  <testcase classname="api.test.UserTests" name="testDeleteUserByName" time="1.834"/>
</testsuite> <!-- api.test.UserTests -->
