<?xml version="1.0" encoding="UTF-8"?>
<!-- Generated by org.testng.reporters.JUnitReportReporter -->
<testsuite hostname="DESKTOP-5JOAU98" failures="0" tests="4" name="api.test.UserTestsUsingPropertyFile" time="11.606" errors="0" timestamp="2023-10-29T01:56:37 IST" skipped="0">
  <testcase classname="api.test.UserTestsUsingPropertyFile" name="testPostUser" time="5.673"/>
  <testcase classname="api.test.UserTestsUsingPropertyFile" name="testGetUserByName" time="1.584"/>
  <testcase classname="api.test.UserTestsUsingPropertyFile" name="testUpdateByUsername" time="2.804"/>
  <testcase classname="api.test.UserTestsUsingPropertyFile" name="testDeleteUserByName" time="1.545"/>
</testsuite> <!-- api.test.UserTestsUsingPropertyFile -->
